<?xml version="1.0" encoding="UTF-8"?>
<!-- Generated by org.testng.reporters.JUnitReportReporter -->
<testsuite skipped="0" hostname="DESKTOP-K76P1IF" name="com.training.sanity.tests.Invalid_credentials" tests="1" failures="0" timestamp="27 Feb 2019 06:55:06 GMT" time="14.978" errors="0">
  <testcase name="validLogin" time="14.978" classname="com.training.sanity.tests.Invalid_credentials"/>
</testsuite> <!-- com.training.sanity.tests.Invalid_credentials -->
