<?xml version="1.0" encoding="UTF-8"?>
<!-- Generated by org.testng.reporters.JUnitReportReporter -->
<testsuite skipped="0" hostname="DESKTOP-K76P1IF" name="com.training.sanity.tests.TC0034_Checkout_GuestLogin" tests="1" failures="0" timestamp="27 Feb 2019 12:51:47 GMT" time="47.864" errors="0">
  <testcase name="ValidCheckout" time="47.864" classname="com.training.sanity.tests.TC0034_Checkout_GuestLogin"/>
</testsuite> <!-- com.training.sanity.tests.TC0034_Checkout_GuestLogin -->
