<?xml version="1.0" encoding="UTF-8"?>
<!-- Generated by org.testng.reporters.JUnitReportReporter -->
<testsuite skipped="0" hostname="DESKTOP-K76P1IF" name="com.training.sanity.tests.TC005_EditProfile" tests="1" failures="0" timestamp="18 Feb 2019 07:46:00 GMT" time="21.172" errors="0">
  <testcase name="validLogin" time="21.172" classname="com.training.sanity.tests.TC005_EditProfile"/>
</testsuite> <!-- com.training.sanity.tests.TC005_EditProfile -->
