<?xml version="1.0" encoding="UTF-8"?>
<!-- Generated by org.testng.reporters.JUnitReportReporter -->
<testsuite skipped="0" hostname="DESKTOP-K76P1IF" name="com.training.sanity.tests.TC002_Login" tests="1" failures="0" timestamp="01 Mar 2019 09:51:15 GMT" time="14.389" errors="0">
  <testcase name="validLogin" time="14.389" classname="com.training.sanity.tests.TC002_Login"/>
</testsuite> <!-- com.training.sanity.tests.TC002_Login -->
