<?xml version="1.0" encoding="UTF-8"?>
<!-- Generated by org.testng.reporters.JUnitReportReporter -->
<testsuite skipped="0" hostname="DESKTOP-K76P1IF" name="com.training.sanity.tests.TC0032" tests="1" failures="0" timestamp="26 Feb 2019 07:03:05 GMT" time="26.948" errors="0">
  <testcase name="ValidCheckout" time="26.948" classname="com.training.sanity.tests.TC0032"/>
</testsuite> <!-- com.training.sanity.tests.TC0032 -->
