<?xml version="1.0" encoding="UTF-8"?>
<!-- Generated by org.testng.reporters.JUnitReportReporter -->
<testsuite skipped="0" hostname="DESKTOP-K76P1IF" name="com.training.sanity.tests.Registration" tests="1" failures="0" timestamp="18 Feb 2019 07:38:14 GMT" time="23.672" errors="0">
  <testcase name="validLoginTest" time="23.672" classname="com.training.sanity.tests.Registration"/>
</testsuite> <!-- com.training.sanity.tests.Registration -->
