<?xml version="1.0" encoding="UTF-8"?>
<!-- Generated by org.testng.reporters.JUnitReportReporter -->
<testsuite skipped="0" hostname="DESKTOP-K76P1IF" name="com.training.sanity.tests.TC003_ForgotPassword" tests="1" failures="0" timestamp="18 Feb 2019 07:40:06 GMT" time="19.896" errors="0">
  <testcase name="login" time="19.896" classname="com.training.sanity.tests.TC003_ForgotPassword"/>
</testsuite> <!-- com.training.sanity.tests.TC003_ForgotPassword -->
