<?xml version="1.0" encoding="UTF-8"?>
<!-- Generated by org.testng.reporters.JUnitReportReporter -->
<testsuite skipped="0" hostname="DESKTOP-K76P1IF" name="com.training.regression.tests.TC062_Registartion_Multiple" tests="4" failures="0" timestamp="04 Mar 2019 06:56:19 GMT" time="84.120" errors="0">
  <testcase name="loginDBTest" time="20.475" classname="com.training.regression.tests.TC062_Registartion_Multiple"/>
  <testcase name="loginDBTest" time="22.713" classname="com.training.regression.tests.TC062_Registartion_Multiple"/>
  <testcase name="loginDBTest" time="20.865" classname="com.training.regression.tests.TC062_Registartion_Multiple"/>
  <testcase name="loginDBTest" time="20.067" classname="com.training.regression.tests.TC062_Registartion_Multiple"/>
</testsuite> <!-- com.training.regression.tests.TC062_Registartion_Multiple -->
