<?xml version="1.0" encoding="UTF-8"?>
<!-- Generated by org.testng.reporters.JUnitReportReporter -->
<testsuite skipped="0" hostname="DESKTOP-K76P1IF" name="com.training.regression.tests.LoginExcelTest" tests="1" failures="0" timestamp="02 Mar 2019 05:38:59 GMT" time="0.755" errors="1">
  <testcase name="loginDBTest" time="0.755" classname="com.training.regression.tests.LoginExcelTest">
    <error type="org.testng.internal.reflect.MethodMatcherException" message="
Data provider mismatch
Method: loginDBTest([Parameter{index=0, type=java.lang.String, declaredAnnotations=[]}, Parameter{index=1, type=java.lang.String, declaredAnnotations=[]}])
Arguments: [(java.lang.String) Test Data 1,(java.lang.String) leena,(java.lang.String) verma,(java.lang.String) leena@gmail.com,(java.lang.String) 9.947476565E9,(java.lang.String) Banashankari,(java.lang.String) bangalore,(java.lang.String) bangalore,(java.lang.String) 560012.0,(java.lang.String) India,(java.lang.String) Karnataka,(java.lang.String) leena,(java.lang.String) leena]">
      <![CDATA[org.testng.internal.reflect.MethodMatcherException: 
Data provider mismatch
Method: loginDBTest([Parameter{index=0, type=java.lang.String, declaredAnnotations=[]}, Parameter{index=1, type=java.lang.String, declaredAnnotations=[]}])
Arguments: [(java.lang.String) Test Data 1,(java.lang.String) leena,(java.lang.String) verma,(java.lang.String) leena@gmail.com,(java.lang.String) 9.947476565E9,(java.lang.String) Banashankari,(java.lang.String) bangalore,(java.lang.String) bangalore,(java.lang.String) 560012.0,(java.lang.String) India,(java.lang.String) Karnataka,(java.lang.String) leena,(java.lang.String) leena]
at org.testng.internal.reflect.DataProviderMethodMatcher.getConformingArguments(DataProviderMethodMatcher.java:45)
at org.testng.internal.Parameters.injectParameters(Parameters.java:796)
at org.testng.internal.Invoker.invokeTestMethods(Invoker.java:982)
at org.testng.internal.TestMethodWorker.invokeTestMethods(TestMethodWorker.java:125)
at org.testng.internal.TestMethodWorker.run(TestMethodWorker.java:109)
at org.testng.TestRunner.privateRun(TestRunner.java:648)
at org.testng.TestRunner.run(TestRunner.java:505)
at org.testng.SuiteRunner.runTest(SuiteRunner.java:455)
at org.testng.SuiteRunner.runSequentially(SuiteRunner.java:450)
at org.testng.SuiteRunner.privateRun(SuiteRunner.java:415)
at org.testng.SuiteRunner.run(SuiteRunner.java:364)
at org.testng.SuiteRunnerWorker.runSuite(SuiteRunnerWorker.java:52)
at org.testng.SuiteRunnerWorker.run(SuiteRunnerWorker.java:84)
at org.testng.TestNG.runSuitesSequentially(TestNG.java:1208)
at org.testng.TestNG.runSuitesLocally(TestNG.java:1137)
at org.testng.TestNG.runSuites(TestNG.java:1049)
at org.testng.TestNG.run(TestNG.java:1017)
at org.testng.remote.AbstractRemoteTestNG.run(AbstractRemoteTestNG.java:114)
at org.testng.remote.RemoteTestNG.initAndRun(RemoteTestNG.java:251)
at org.testng.remote.RemoteTestNG.main(RemoteTestNG.java:77)
]]>
    </error>
  </testcase> <!-- loginDBTest -->
</testsuite> <!-- com.training.regression.tests.LoginExcelTest -->
