<?xml version="1.0" encoding="UTF-8"?>
<!-- Generated by org.testng.reporters.JUnitReportReporter -->
<testsuite skipped="0" hostname="DESKTOP-K76P1IF" name="com.training.regression.tests.TC063_Registration_InvalidCredentials" tests="4" failures="0" timestamp="04 Mar 2019 09:02:07 GMT" time="83.732" errors="0">
  <testcase name="loginDBTest" time="21.937" classname="com.training.regression.tests.TC063_Registration_InvalidCredentials"/>
  <testcase name="loginDBTest" time="21.135" classname="com.training.regression.tests.TC063_Registration_InvalidCredentials"/>
  <testcase name="loginDBTest" time="19.983" classname="com.training.regression.tests.TC063_Registration_InvalidCredentials"/>
  <testcase name="loginDBTest" time="20.677" classname="com.training.regression.tests.TC063_Registration_InvalidCredentials"/>
</testsuite> <!-- com.training.regression.tests.TC063_Registration_InvalidCredentials -->
