<?xml version="1.0" encoding="UTF-8"?>
<!-- Generated by org.testng.reporters.JUnitReportReporter -->
<testsuite skipped="0" hostname="DESKTOP-K76P1IF" name="com.training.sanity.tests.TC0034" tests="1" failures="0" timestamp="27 Feb 2019 04:09:25 GMT" time="41.691" errors="0">
  <testcase name="ValidCheckout" time="41.691" classname="com.training.sanity.tests.TC0034"/>
</testsuite> <!-- com.training.sanity.tests.TC0034 -->
