<?xml version="1.0" encoding="UTF-8"?>
<!-- Generated by org.testng.reporters.JUnitReportReporter -->
<testsuite skipped="0" hostname="DESKTOP-K76P1IF" name="com.training.sanity.tests.TC0031" tests="1" failures="0" timestamp="21 Feb 2019 07:02:21 GMT" time="15.361" errors="0">
  <testcase name="validLogin" time="15.361" classname="com.training.sanity.tests.TC0031"/>
</testsuite> <!-- com.training.sanity.tests.TC0031 -->
