<?xml version="1.0" encoding="UTF-8"?>
<!-- Generated by org.testng.reporters.JUnitReportReporter -->
<testsuite skipped="0" hostname="DESKTOP-K76P1IF" name="com.training.sanity.tests.TC0033" tests="1" failures="0" timestamp="27 Feb 2019 04:38:56 GMT" time="36.582" errors="0">
  <testcase name="ValidCheckout" time="36.582" classname="com.training.sanity.tests.TC0033"/>
</testsuite> <!-- com.training.sanity.tests.TC0033 -->
