<?xml version="1.0" encoding="UTF-8"?>
<!-- Generated by org.testng.reporters.JUnitReportReporter -->
<testsuite skipped="0" hostname="DESKTOP-K76P1IF" name="com.training.sanity.tests.TC0032_Checkout" tests="1" failures="0" timestamp="27 Feb 2019 10:48:02 GMT" time="24.662" errors="0">
  <testcase name="ValidCheckout" time="24.662" classname="com.training.sanity.tests.TC0032_Checkout"/>
</testsuite> <!-- com.training.sanity.tests.TC0032_Checkout -->
