<?xml version="1.0" encoding="UTF-8"?>
<!-- Generated by org.testng.reporters.JUnitReportReporter -->
<testsuite skipped="0" hostname="DESKTOP-K76P1IF" name="com.training.regression.tests.TC064_AddMultipleCategories" tests="4" failures="0" timestamp="04 Mar 2019 08:38:38 GMT" time="136.271" errors="0">
  <testcase name="loginDBTest" time="34.123" classname="com.training.regression.tests.TC064_AddMultipleCategories"/>
  <testcase name="loginDBTest" time="37.822" classname="com.training.regression.tests.TC064_AddMultipleCategories"/>
  <testcase name="loginDBTest" time="31.918" classname="com.training.regression.tests.TC064_AddMultipleCategories"/>
  <testcase name="loginDBTest" time="32.408" classname="com.training.regression.tests.TC064_AddMultipleCategories"/>
</testsuite> <!-- com.training.regression.tests.TC064_AddMultipleCategories -->
